# JRE version: Java(TM) SE Runtime Environment (8.0_161-b12) (build 1.8.0_161-b12)
# Java VM: Java HotSpot(TM) 64-Bit Server VM (25.161-b12 mixed mode linux-amd64 compressed oops)
Heap:
 PSYoungGen      total 135168K, used 8166K [0x00000000d7180000, 0x00000000dfd80000, 0x0000000100000000)
  eden space 126976K, 0% used [0x00000000d7180000,0x00000000d7180000,0x00000000ded80000)
  from space 8192K, 99% used [0x00000000ded80000,0x00000000df579af0,0x00000000df580000)
  to   space 7680K, 0% used [0x00000000df600000,0x00000000df600000,0x00000000dfd80000)
 ParOldGen       total 45056K, used 12346K [0x0000000085400000, 0x0000000088000000, 0x00000000d7180000)
  object space 45056K, 27% used [0x0000000085400000,0x000000008600eba0,0x0000000088000000)
 Metaspace       used 30328K, capacity 31042K, committed 31104K, reserved 1077248K
  class space    used 4010K, capacity 4200K, committed 4224K, reserved 1048576K
GC Heap History (10 events):
Event: 4,081 GC heap after
Heap after GC invocations=3 (full 0):
 PSYoungGen      total 36864K, used 5101K [0x00000000d7180000, 0x00000000db980000, 0x0000000100000000)
  eden space 31744K, 0% used [0x00000000d7180000,0x00000000d7180000,0x00000000d9080000)
  from space 5120K, 99% used [0x00000000d9080000,0x00000000d957b660,0x00000000d9580000)
  to   space 5120K, 0% used [0x00000000db480000,0x00000000db480000,0x00000000db980000)
 ParOldGen       total 84992K, used 985K [0x0000000085400000, 0x000000008a700000, 0x00000000d7180000)
  object space 84992K, 1% used [0x0000000085400000,0x00000000854f6670,0x000000008a700000)
 Metaspace       used 13628K, capacity 13850K, committed 14080K, reserved 1060864K
  class space    used 1686K, capacity 1780K, committed 1792K, reserved 1048576K
}
Event: 4,600 GC heap before
{Heap before GC invocations=4 (full 0):
 PSYoungGen      total 36864K, used 36845K [0x00000000d7180000, 0x00000000db980000, 0x0000000100000000)
  eden space 31744K, 100% used [0x00000000d7180000,0x00000000d9080000,0x00000000d9080000)
  from space 5120K, 99% used [0x00000000d9080000,0x00000000d957b660,0x00000000d9580000)
  to   space 5120K, 0% used [0x00000000db480000,0x00000000db480000,0x00000000db980000)
 ParOldGen       total 84992K, used 985K [0x0000000085400000, 0x000000008a700000, 0x00000000d7180000)
  object space 84992K, 1% used [0x0000000085400000,0x00000000854f6670,0x000000008a700000)
 Metaspace       used 15460K, capacity 15714K, committed 16000K, reserved 1062912K
  class space    used 2005K, capacity 2102K, committed 2176K, reserved 1048576K
Event: 4,615 GC heap after
Heap after GC invocations=4 (full 0):
 PSYoungGen      total 68608K, used 5101K [0x00000000d7180000, 0x00000000db980000, 0x0000000100000000)
  eden space 63488K, 0% used [0x00000000d7180000,0x00000000d7180000,0x00000000daf80000)
  from space 5120K, 99% used [0x00000000db480000,0x00000000db97b660,0x00000000db980000)
  to   space 5120K, 0% used [0x00000000daf80000,0x00000000daf80000,0x00000000db480000)
 ParOldGen       total 84992K, used 1791K [0x0000000085400000, 0x000000008a700000, 0x00000000d7180000)
  object space 84992K, 2% used [0x0000000085400000,0x00000000855bff50,0x000000008a700000)
 Metaspace       used 15460K, capacity 15714K, committed 16000K, reserved 1062912K
  class space    used 2005K, capacity 2102K, committed 2176K, reserved 1048576K
}
Event: 5,608 GC heap before
{Heap before GC invocations=5 (full 0):
 PSYoungGen      total 68608K, used 68589K [0x00000000d7180000, 0x00000000db980000, 0x0000000100000000)
  eden space 63488K, 100% used [0x00000000d7180000,0x00000000daf80000,0x00000000daf80000)
  from space 5120K, 99% used [0x00000000db480000,0x00000000db97b660,0x00000000db980000)
  to   space 5120K, 0% used [0x00000000daf80000,0x00000000daf80000,0x00000000db480000)
 ParOldGen       total 84992K, used 1791K [0x0000000085400000, 0x000000008a700000, 0x00000000d7180000)
  object space 84992K, 2% used [0x0000000085400000,0x00000000855bff50,0x000000008a700000)
 Metaspace       used 19419K, capacity 19902K, committed 20096K, reserved 1067008K
  class space    used 2484K, capacity 2622K, committed 2688K, reserved 1048576K
Event: 5,630 GC heap after
Heap after GC invocations=5 (full 0):
 PSYoungGen      total 68608K, used 5118K [0x00000000d7180000, 0x00000000dfe80000, 0x0000000100000000)
  eden space 63488K, 0% used [0x00000000d7180000,0x00000000d7180000,0x00000000daf80000)
  from space 5120K, 99% used [0x00000000daf80000,0x00000000db47fb10,0x00000000db480000)
  to   space 8704K, 0% used [0x00000000df600000,0x00000000df600000,0x00000000dfe80000)
 ParOldGen       total 84992K, used 4327K [0x0000000085400000, 0x000000008a700000, 0x00000000d7180000)
  object space 84992K, 5% used [0x0000000085400000,0x0000000085839c60,0x000000008a700000)
 Metaspace       used 19419K, capacity 19902K, committed 20096K, reserved 1067008K
  class space    used 2484K, capacity 2622K, committed 2688K, reserved 1048576K
}
Event: 5,906 GC heap before
{Heap before GC invocations=6 (full 0):
 PSYoungGen      total 68608K, used 14732K [0x00000000d7180000, 0x00000000dfe80000, 0x0000000100000000)
  eden space 63488K, 15% used [0x00000000d7180000,0x00000000d7ae3500,0x00000000daf80000)
  from space 5120K, 99% used [0x00000000daf80000,0x00000000db47fb10,0x00000000db480000)
  to   space 8704K, 0% used [0x00000000df600000,0x00000000df600000,0x00000000dfe80000)
 ParOldGen       total 84992K, used 4327K [0x0000000085400000, 0x000000008a700000, 0x00000000d7180000)
  object space 84992K, 5% used [0x0000000085400000,0x0000000085839c60,0x000000008a700000)
 Metaspace       used 20793K, capacity 21196K, committed 21248K, reserved 1067008K
  class space    used 2697K, capacity 2815K, committed 2816K, reserved 1048576K
Event: 5,936 GC heap after
Heap after GC invocations=6 (full 0):
 PSYoungGen      total 134656K, used 5554K [0x00000000d7180000, 0x00000000dfd80000, 0x0000000100000000)
  eden space 126976K, 0% used [0x00000000d7180000,0x00000000d7180000,0x00000000ded80000)
  from space 7680K, 72% used [0x00000000df600000,0x00000000dfb6c900,0x00000000dfd80000)
  to   space 8192K, 0% used [0x00000000ded80000,0x00000000ded80000,0x00000000df580000)
 ParOldGen       total 84992K, used 4335K [0x0000000085400000, 0x000000008a700000, 0x00000000d7180000)
  object space 84992K, 5% used [0x0000000085400000,0x000000008583bc60,0x000000008a700000)
 Metaspace       used 20793K, capacity 21196K, committed 21248K, reserved 1067008K
  class space    used 2697K, capacity 2815K, committed 2816K, reserved 1048576K
}
Event: 5,936 GC heap before
{Heap before GC invocations=7 (full 1):
 PSYoungGen      total 134656K, used 5554K [0x00000000d7180000, 0x00000000dfd80000, 0x0000000100000000)
  eden space 126976K, 0% used [0x00000000d7180000,0x00000000d7180000,0x00000000ded80000)
  from space 7680K, 72% used [0x00000000df600000,0x00000000dfb6c900,0x00000000dfd80000)
  to   space 8192K, 0% used [0x00000000ded80000,0x00000000ded80000,0x00000000df580000)
 ParOldGen       total 84992K, used 4335K [0x0000000085400000, 0x000000008a700000, 0x00000000d7180000)
  object space 84992K, 5% used [0x0000000085400000,0x000000008583bc60,0x000000008a700000)
 Metaspace       used 20793K, capacity 21196K, committed 21248K, reserved 1067008K
  class space    used 2697K, capacity 2815K, committed 2816K, reserved 1048576K
Event: 6,017 GC heap after
Heap after GC invocations=7 (full 1):
 PSYoungGen      total 134656K, used 0K [0x00000000d7180000, 0x00000000dfd80000, 0x0000000100000000)
  eden space 126976K, 0% used [0x00000000d7180000,0x00000000d7180000,0x00000000ded80000)
  from space 7680K, 0% used [0x00000000df600000,0x00000000df600000,0x00000000dfd80000)
  to   space 8192K, 0% used [0x00000000ded80000,0x00000000ded80000,0x00000000df580000)
 ParOldGen       total 45056K, used 5885K [0x0000000085400000, 0x0000000088000000, 0x00000000d7180000)
  object space 45056K, 13% used [0x0000000085400000,0x00000000859bf548,0x0000000088000000)
 Metaspace       used 20793K, capacity 21196K, committed 21248K, reserved 1067008K
  class space    used 2697K, capacity 2815K, committed 2816K, reserved 1048576K
}
Event: 11,341 GC heap before
{Heap before GC invocations=8 (full 1):
 PSYoungGen      total 134656K, used 126976K [0x00000000d7180000, 0x00000000dfd80000, 0x0000000100000000)
  eden space 126976K, 100% used [0x00000000d7180000,0x00000000ded80000,0x00000000ded80000)
  from space 7680K, 0% used [0x00000000df600000,0x00000000df600000,0x00000000dfd80000)
  to   space 8192K, 0% used [0x00000000ded80000,0x00000000ded80000,0x00000000df580000)
 ParOldGen       total 45056K, used 5885K [0x0000000085400000, 0x0000000088000000, 0x00000000d7180000)
  object space 45056K, 13% used [0x0000000085400000,0x00000000859bf548,0x0000000088000000)
 Metaspace       used 30328K, capacity 31042K, committed 31104K, reserved 1077248K
  class space    used 4010K, capacity 4200K, committed 4224K, reserved 1048576K

