# JRE version: Java(TM) SE Runtime Environment (8.0_161-b12) (build 1.8.0_161-b12)
# Java VM: Java HotSpot(TM) 64-Bit Server VM (25.161-b12 mixed mode linux-amd64 compressed oops)
Heap:
 PSYoungGen      total 452096K, used 7038K [0x00000000d7180000, 0x00000000f3e00000, 0x0000000100000000)
  eden space 432640K, 0% used [0x00000000d7180000,0x00000000d7180000,0x00000000f1800000)
  from space 19456K, 36% used [0x00000000f1800000,0x00000000f1edfa78,0x00000000f2b00000)
  to   space 11776K, 0% used [0x00000000f3280000,0x00000000f3280000,0x00000000f3e00000)
 ParOldGen       total 117760K, used 43855K [0x0000000085400000, 0x000000008c700000, 0x00000000d7180000)
  object space 117760K, 37% used [0x0000000085400000,0x0000000087ed3c10,0x000000008c700000)
 Metaspace       used 75583K, capacity 79246K, committed 79360K, reserved 1118208K
  class space    used 9834K, capacity 10479K, committed 10496K, reserved 1048576K
GC Heap History (10 events):
Event: 23,986 GC heap after
Heap after GC invocations=13 (full 2):
 PSYoungGen      total 301568K, used 9846K [0x00000000d7180000, 0x00000000efb80000, 0x0000000100000000)
  eden space 282112K, 0% used [0x00000000d7180000,0x00000000d7180000,0x00000000e8500000)
  from space 19456K, 50% used [0x00000000e8500000,0x00000000e8e9da78,0x00000000e9800000)
  to   space 18432K, 0% used [0x00000000ee980000,0x00000000ee980000,0x00000000efb80000)
 ParOldGen       total 82432K, used 33555K [0x0000000085400000, 0x000000008a480000, 0x00000000d7180000)
  object space 82432K, 40% used [0x0000000085400000,0x00000000874c4da8,0x000000008a480000)
 Metaspace       used 56568K, capacity 58800K, committed 59008K, reserved 1099776K
  class space    used 7370K, capacity 7786K, committed 7808K, reserved 1048576K
}
Event: 23,986 GC heap before
{Heap before GC invocations=14 (full 3):
 PSYoungGen      total 301568K, used 9846K [0x00000000d7180000, 0x00000000efb80000, 0x0000000100000000)
  eden space 282112K, 0% used [0x00000000d7180000,0x00000000d7180000,0x00000000e8500000)
  from space 19456K, 50% used [0x00000000e8500000,0x00000000e8e9da78,0x00000000e9800000)
  to   space 18432K, 0% used [0x00000000ee980000,0x00000000ee980000,0x00000000efb80000)
 ParOldGen       total 82432K, used 33555K [0x0000000085400000, 0x000000008a480000, 0x00000000d7180000)
  object space 82432K, 40% used [0x0000000085400000,0x00000000874c4da8,0x000000008a480000)
 Metaspace       used 56568K, capacity 58800K, committed 59008K, reserved 1099776K
  class space    used 7370K, capacity 7786K, committed 7808K, reserved 1048576K
Event: 24,241 GC heap after
Heap after GC invocations=14 (full 3):
 PSYoungGen      total 301568K, used 0K [0x00000000d7180000, 0x00000000efb80000, 0x0000000100000000)
  eden space 282112K, 0% used [0x00000000d7180000,0x00000000d7180000,0x00000000e8500000)
  from space 19456K, 0% used [0x00000000e8500000,0x00000000e8500000,0x00000000e9800000)
  to   space 18432K, 0% used [0x00000000ee980000,0x00000000ee980000,0x00000000efb80000)
 ParOldGen       total 117760K, used 35563K [0x0000000085400000, 0x000000008c700000, 0x00000000d7180000)
  object space 117760K, 30% used [0x0000000085400000,0x00000000876bad00,0x000000008c700000)
 Metaspace       used 56568K, capacity 58800K, committed 59008K, reserved 1099776K
  class space    used 7370K, capacity 7786K, committed 7808K, reserved 1048576K
}
Event: 31,555 GC heap before
{Heap before GC invocations=15 (full 3):
 PSYoungGen      total 301568K, used 282112K [0x00000000d7180000, 0x00000000efb80000, 0x0000000100000000)
  eden space 282112K, 100% used [0x00000000d7180000,0x00000000e8500000,0x00000000e8500000)
  from space 19456K, 0% used [0x00000000e8500000,0x00000000e8500000,0x00000000e9800000)
  to   space 18432K, 0% used [0x00000000ee980000,0x00000000ee980000,0x00000000efb80000)
 ParOldGen       total 117760K, used 35563K [0x0000000085400000, 0x000000008c700000, 0x00000000d7180000)
  object space 117760K, 30% used [0x0000000085400000,0x00000000876bad00,0x000000008c700000)
 Metaspace       used 67519K, capacity 70566K, committed 70656K, reserved 1110016K
  class space    used 8881K, capacity 9407K, committed 9472K, reserved 1048576K
Event: 31,600 GC heap after
Heap after GC invocations=15 (full 3):
 PSYoungGen      total 376320K, used 18415K [0x00000000d7180000, 0x00000000efb80000, 0x0000000100000000)
  eden space 357888K, 0% used [0x00000000d7180000,0x00000000d7180000,0x00000000ecf00000)
  from space 18432K, 99% used [0x00000000ee980000,0x00000000efb7bdb8,0x00000000efb80000)
  to   space 20992K, 0% used [0x00000000ed280000,0x00000000ed280000,0x00000000ee700000)
 ParOldGen       total 117760K, used 35683K [0x0000000085400000, 0x000000008c700000, 0x00000000d7180000)
  object space 117760K, 30% used [0x0000000085400000,0x00000000876d8d00,0x000000008c700000)
 Metaspace       used 67519K, capacity 70566K, committed 70656K, reserved 1110016K
  class space    used 8881K, capacity 9407K, committed 9472K, reserved 1048576K
}
Event: 93,007 GC heap before
{Heap before GC invocations=16 (full 3):
 PSYoungGen      total 376320K, used 376303K [0x00000000d7180000, 0x00000000efb80000, 0x0000000100000000)
  eden space 357888K, 100% used [0x00000000d7180000,0x00000000ecf00000,0x00000000ecf00000)
  from space 18432K, 99% used [0x00000000ee980000,0x00000000efb7bdb8,0x00000000efb80000)
  to   space 20992K, 0% used [0x00000000ed280000,0x00000000ed280000,0x00000000ee700000)
 ParOldGen       total 117760K, used 35683K [0x0000000085400000, 0x000000008c700000, 0x00000000d7180000)
  object space 117760K, 30% used [0x0000000085400000,0x00000000876d8d00,0x000000008c700000)
 Metaspace       used 74466K, capacity 78058K, committed 78208K, reserved 1118208K
  class space    used 9710K, capacity 10311K, committed 10368K, reserved 1048576K
Event: 93,057 GC heap after
Heap after GC invocations=16 (full 3):
 PSYoungGen      total 382464K, used 10645K [0x00000000d7180000, 0x00000000f4600000, 0x0000000100000000)
  eden space 361472K, 0% used [0x00000000d7180000,0x00000000d7180000,0x00000000ed280000)
  from space 20992K, 50% used [0x00000000ed280000,0x00000000edce5458,0x00000000ee700000)
  to   space 19968K, 0% used [0x00000000f3280000,0x00000000f3280000,0x00000000f4600000)
 ParOldGen       total 117760K, used 43839K [0x0000000085400000, 0x000000008c700000, 0x00000000d7180000)
  object space 117760K, 37% used [0x0000000085400000,0x0000000087ecfc10,0x000000008c700000)
 Metaspace       used 74466K, capacity 78058K, committed 78208K, reserved 1118208K
  class space    used 9710K, capacity 10311K, committed 10368K, reserved 1048576K
}
Event: 107,992 GC heap before
{Heap before GC invocations=17 (full 3):
 PSYoungGen      total 382464K, used 372117K [0x00000000d7180000, 0x00000000f4600000, 0x0000000100000000)
  eden space 361472K, 100% used [0x00000000d7180000,0x00000000ed280000,0x00000000ed280000)
  from space 20992K, 50% used [0x00000000ed280000,0x00000000edce5458,0x00000000ee700000)
  to   space 19968K, 0% used [0x00000000f3280000,0x00000000f3280000,0x00000000f4600000)
 ParOldGen       total 117760K, used 43839K [0x0000000085400000, 0x000000008c700000, 0x00000000d7180000)
  object space 117760K, 37% used [0x0000000085400000,0x0000000087ecfc10,0x000000008c700000)
 Metaspace       used 75440K, capacity 79128K, committed 79360K, reserved 1118208K
  class space    used 9828K, capacity 10470K, committed 10496K, reserved 1048576K
Event: 108,043 GC heap after
Heap after GC invocations=17 (full 3):
 PSYoungGen      total 444416K, used 7511K [0x00000000d7180000, 0x00000000f3e00000, 0x0000000100000000)
  eden space 432640K, 0% used [0x00000000d7180000,0x00000000d7180000,0x00000000f1800000)
  from space 11776K, 63% used [0x00000000f3280000,0x00000000f39d5fa8,0x00000000f3e00000)
  to   space 19456K, 0% used [0x00000000f1800000,0x00000000f1800000,0x00000000f2b00000)
 ParOldGen       total 117760K, used 43847K [0x0000000085400000, 0x000000008c700000, 0x00000000d7180000)
  object space 117760K, 37% used [0x0000000085400000,0x0000000087ed1c10,0x000000008c700000)
 Metaspace       used 75440K, capacity 79128K, committed 79360K, reserved 1118208K
  class space    used 9828K, capacity 10470K, committed 10496K, reserved 1048576K
}
Event: 189,037 GC heap before
{Heap before GC invocations=18 (full 3):
 PSYoungGen      total 444416K, used 440151K [0x00000000d7180000, 0x00000000f3e00000, 0x0000000100000000)
  eden space 432640K, 100% used [0x00000000d7180000,0x00000000f1800000,0x00000000f1800000)
  from space 11776K, 63% used [0x00000000f3280000,0x00000000f39d5fa8,0x00000000f3e00000)
  to   space 19456K, 0% used [0x00000000f1800000,0x00000000f1800000,0x00000000f2b00000)
 ParOldGen       total 117760K, used 43847K [0x0000000085400000, 0x000000008c700000, 0x00000000d7180000)
  object space 117760K, 37% used [0x0000000085400000,0x0000000087ed1c10,0x000000008c700000)
 Metaspace       used 75583K, capacity 79246K, committed 79360K, reserved 1118208K
  class space    used 9834K, capacity 10479K, committed 10496K, reserved 1048576K

